<?xml version="1.0" encoding="UTF-8"?>
<!-- Generated by org.testng.reporters.JUnitReportReporter -->
<testsuite hostname="DESKTOP-K261J56" failures="0" tests="1" name="com.crm.SDET25.Practice.SampleJDBCExecuteQuery" time="0.432" errors="0" timestamp="2021-11-19T16:20:34 IST" skipped="0">
  <testcase classname="com.crm.SDET25.Practice.SampleJDBCExecuteQuery" name="SampleJDBCExecuteQuery" time="0.432"/>
  <system-out/>
</testsuite> <!-- com.crm.SDET25.Practice.SampleJDBCExecuteQuery -->
