<?xml version="1.0" encoding="UTF-8"?>
<!-- Generated by org.testng.reporters.JUnitReportReporter -->
<testsuite skipped="0" hostname="DESKTOP-K261J56" name="com.crm.SDET25.Practice.sampleJDBCExceptionHandling" tests="1" failures="0" timestamp="2021-11-21T15:53:09 IST" time="0.627" errors="0">
  <testcase name="SampleJDBCExecuteUpdate" time="0.627" classname="com.crm.SDET25.Practice.sampleJDBCExceptionHandling"/>
  <system-out/>
</testsuite> <!-- com.crm.SDET25.Practice.sampleJDBCExceptionHandling -->
