<?xml version="1.0" encoding="UTF-8"?>
<!-- Generated by org.testng.reporters.JUnitReportReporter -->
<testsuite skipped="0" hostname="DESKTOP-K261J56" name="com.crm.SDET25.Practice.Testcase2" tests="1" failures="0" timestamp="2021-11-21T15:57:13 IST" time="30.958" errors="0">
  <testcase name="test" time="30.958" classname="com.crm.SDET25.Practice.Testcase2"/>
  <system-out/>
</testsuite> <!-- com.crm.SDET25.Practice.Testcase2 -->
