<?xml version="1.0" encoding="UTF-8"?>
<!-- Generated by org.testng.reporters.JUnitReportReporter -->
<testsuite hostname="DESKTOP-K261J56" failures="0" tests="1" name="com.crm.SDET25.Practice.Testcase3" time="28.331" errors="0" timestamp="2021-11-20T20:36:45 IST" skipped="0">
  <testcase classname="com.crm.SDET25.Practice.Testcase3" name="test" time="28.331"/>
  <system-out/>
</testsuite> <!-- com.crm.SDET25.Practice.Testcase3 -->
