<?xml version="1.0" encoding="UTF-8"?>
<!-- Generated by org.testng.reporters.JUnitReportReporter -->
<testsuite hostname="DESKTOP-K261J56" failures="0" tests="1" name="com.crm.SDET25.Practice.Testcase1" time="29.036" errors="0" timestamp="2021-11-20T18:32:20 IST" skipped="0">
  <testcase classname="com.crm.SDET25.Practice.Testcase1" name="test" time="29.036"/>
  <system-out/>
</testsuite> <!-- com.crm.SDET25.Practice.Testcase1 -->
